# JRE version: OpenJDK Runtime Environment Temurin-17.0.6+10 (17.0.6+10) (build 17.0.6+10)
# Java VM: OpenJDK 64-Bit Server VM Temurin-17.0.6+10 (17.0.6+10, mixed mode, tiered, compressed oops, compressed class ptrs, parallel gc, windows-amd64)
GC Precious Log:
 CPUs: 12 total, 12 available
 Memory: 5989M
 Large Page Support: Disabled
 NUMA Support: Disabled
 Compressed Oops: Enabled (32-bit)
 Alignments: Space 512K, Generation 512K, Heap 2M
 Heap Min Capacity: 100M
 Heap Initial Capacity: 100M
 Heap Max Capacity: 1G
 Pre-touch: Disabled
 Parallel Workers: 10
Heap:
 PSYoungGen      total 22016K, used 13973K [0x00000000eab00000, 0x00000000ec300000, 0x0000000100000000)
  eden space 20992K, 63% used [0x00000000eab00000,0x00000000eb809fc0,0x00000000ebf80000)
  from space 1024K, 60% used [0x00000000ec200000,0x00000000ec29b700,0x00000000ec300000)
  to   space 1024K, 0% used [0x00000000ec100000,0x00000000ec100000,0x00000000ec200000)
 ParOldGen       total 68608K, used 25083K [0x00000000c0000000, 0x00000000c4300000, 0x00000000eab00000)
  object space 68608K, 36% used [0x00000000c0000000,0x00000000c187eea0,0x00000000c4300000)
 Metaspace       used 41785K, committed 42560K, reserved 1089536K
  class space    used 4200K, committed 4544K, reserved 1048576K
GC Heap History (20 events):
Event: 14.683 GC heap before
{Heap before GC invocations=11 (full 1):
 PSYoungGen      total 26624K, used 13906K [0x00000000eab00000, 0x00000000eca00000, 0x0000000100000000)
  eden space 22528K, 43% used [0x00000000eab00000,0x00000000eb4ab8e8,0x00000000ec100000)
  from space 4096K, 97% used [0x00000000ec180000,0x00000000ec569030,0x00000000ec580000)
  to   space 4608K, 0% used [0x00000000ec580000,0x00000000ec580000,0x00000000eca00000)
 ParOldGen       total 68608K, used 9256K [0x00000000c0000000, 0x00000000c4300000, 0x00000000eab00000)
  object space 68608K, 13% used [0x00000000c0000000,0x00000000c090a110,0x00000000c4300000)
 Metaspace       used 35062K, committed 35840K, reserved 1081344K
  class space    used 3544K, committed 3904K, reserved 1048576K
}
Event: 14.687 GC heap after
{Heap after GC invocations=11 (full 1):
 PSYoungGen      total 25600K, used 2848K [0x00000000eab00000, 0x00000000ec880000, 0x0000000100000000)
  eden space 22528K, 0% used [0x00000000eab00000,0x00000000eab00000,0x00000000ec100000)
  from space 3072K, 92% used [0x00000000ec580000,0x00000000ec848010,0x00000000ec880000)
  to   space 3584K, 0% used [0x00000000ec180000,0x00000000ec180000,0x00000000ec500000)
 ParOldGen       total 68608K, used 11295K [0x00000000c0000000, 0x00000000c4300000, 0x00000000eab00000)
  object space 68608K, 16% used [0x00000000c0000000,0x00000000c0b07e20,0x00000000c4300000)
 Metaspace       used 35062K, committed 35840K, reserved 1081344K
  class space    used 3544K, committed 3904K, reserved 1048576K
}
Event: 14.687 GC heap before
{Heap before GC invocations=12 (full 2):
 PSYoungGen      total 25600K, used 2848K [0x00000000eab00000, 0x00000000ec880000, 0x0000000100000000)
  eden space 22528K, 0% used [0x00000000eab00000,0x00000000eab00000,0x00000000ec100000)
  from space 3072K, 92% used [0x00000000ec580000,0x00000000ec848010,0x00000000ec880000)
  to   space 3584K, 0% used [0x00000000ec180000,0x00000000ec180000,0x00000000ec500000)
 ParOldGen       total 68608K, used 11295K [0x00000000c0000000, 0x00000000c4300000, 0x00000000eab00000)
  object space 68608K, 16% used [0x00000000c0000000,0x00000000c0b07e20,0x00000000c4300000)
 Metaspace       used 35062K, committed 35840K, reserved 1081344K
  class space    used 3544K, committed 3904K, reserved 1048576K
}
Event: 14.718 GC heap after
{Heap after GC invocations=12 (full 2):
 PSYoungGen      total 25600K, used 0K [0x00000000eab00000, 0x00000000ec880000, 0x0000000100000000)
  eden space 22528K, 0% used [0x00000000eab00000,0x00000000eab00000,0x00000000ec100000)
  from space 3072K, 0% used [0x00000000ec580000,0x00000000ec580000,0x00000000ec880000)
  to   space 3584K, 0% used [0x00000000ec180000,0x00000000ec180000,0x00000000ec500000)
 ParOldGen       total 68608K, used 13716K [0x00000000c0000000, 0x00000000c4300000, 0x00000000eab00000)
  object space 68608K, 19% used [0x00000000c0000000,0x00000000c0d651d8,0x00000000c4300000)
 Metaspace       used 35062K, committed 35840K, reserved 1081344K
  class space    used 3544K, committed 3904K, reserved 1048576K
}
Event: 14.841 GC heap before
{Heap before GC invocations=13 (full 2):
 PSYoungGen      total 25600K, used 22528K [0x00000000eab00000, 0x00000000ec880000, 0x0000000100000000)
  eden space 22528K, 100% used [0x00000000eab00000,0x00000000ec100000,0x00000000ec100000)
  from space 3072K, 0% used [0x00000000ec580000,0x00000000ec580000,0x00000000ec880000)
  to   space 3584K, 0% used [0x00000000ec180000,0x00000000ec180000,0x00000000ec500000)
 ParOldGen       total 68608K, used 13716K [0x00000000c0000000, 0x00000000c4300000, 0x00000000eab00000)
  object space 68608K, 19% used [0x00000000c0000000,0x00000000c0d651d8,0x00000000c4300000)
 Metaspace       used 35125K, committed 35904K, reserved 1081344K
  class space    used 3561K, committed 3904K, reserved 1048576K
}
Event: 14.845 GC heap after
{Heap after GC invocations=13 (full 2):
 PSYoungGen      total 24576K, used 2432K [0x00000000eab00000, 0x00000000ec680000, 0x0000000100000000)
  eden space 22016K, 0% used [0x00000000eab00000,0x00000000eab00000,0x00000000ec080000)
  from space 2560K, 95% used [0x00000000ec180000,0x00000000ec3e0020,0x00000000ec400000)
  to   space 2560K, 0% used [0x00000000ec400000,0x00000000ec400000,0x00000000ec680000)
 ParOldGen       total 68608K, used 13716K [0x00000000c0000000, 0x00000000c4300000, 0x00000000eab00000)
  object space 68608K, 19% used [0x00000000c0000000,0x00000000c0d651d8,0x00000000c4300000)
 Metaspace       used 35125K, committed 35904K, reserved 1081344K
  class space    used 3561K, committed 3904K, reserved 1048576K
}
Event: 14.914 GC heap before
{Heap before GC invocations=14 (full 2):
 PSYoungGen      total 24576K, used 24448K [0x00000000eab00000, 0x00000000ec680000, 0x0000000100000000)
  eden space 22016K, 100% used [0x00000000eab00000,0x00000000ec080000,0x00000000ec080000)
  from space 2560K, 95% used [0x00000000ec180000,0x00000000ec3e0020,0x00000000ec400000)
  to   space 2560K, 0% used [0x00000000ec400000,0x00000000ec400000,0x00000000ec680000)
 ParOldGen       total 68608K, used 13716K [0x00000000c0000000, 0x00000000c4300000, 0x00000000eab00000)
  object space 68608K, 19% used [0x00000000c0000000,0x00000000c0d651d8,0x00000000c4300000)
 Metaspace       used 35125K, committed 35904K, reserved 1081344K
  class space    used 3561K, committed 3904K, reserved 1048576K
}
Event: 14.918 GC heap after
{Heap after GC invocations=14 (full 2):
 PSYoungGen      total 24576K, used 2144K [0x00000000eab00000, 0x00000000ec680000, 0x0000000100000000)
  eden space 22016K, 0% used [0x00000000eab00000,0x00000000eab00000,0x00000000ec080000)
  from space 2560K, 83% used [0x00000000ec400000,0x00000000ec618000,0x00000000ec680000)
  to   space 2560K, 0% used [0x00000000ec180000,0x00000000ec180000,0x00000000ec400000)
 ParOldGen       total 68608K, used 16072K [0x00000000c0000000, 0x00000000c4300000, 0x00000000eab00000)
  object space 68608K, 23% used [0x00000000c0000000,0x00000000c0fb2308,0x00000000c4300000)
 Metaspace       used 35125K, committed 35904K, reserved 1081344K
  class space    used 3561K, committed 3904K, reserved 1048576K
}
Event: 15.004 GC heap before
{Heap before GC invocations=15 (full 2):
 PSYoungGen      total 24576K, used 24160K [0x00000000eab00000, 0x00000000ec680000, 0x0000000100000000)
  eden space 22016K, 100% used [0x00000000eab00000,0x00000000ec080000,0x00000000ec080000)
  from space 2560K, 83% used [0x00000000ec400000,0x00000000ec618000,0x00000000ec680000)
  to   space 2560K, 0% used [0x00000000ec180000,0x00000000ec180000,0x00000000ec400000)
 ParOldGen       total 68608K, used 16072K [0x00000000c0000000, 0x00000000c4300000, 0x00000000eab00000)
  object space 68608K, 23% used [0x00000000c0000000,0x00000000c0fb2308,0x00000000c4300000)
 Metaspace       used 35125K, committed 35904K, reserved 1081344K
  class space    used 3561K, committed 3904K, reserved 1048576K
}
Event: 15.008 GC heap after
{Heap after GC invocations=15 (full 2):
 PSYoungGen      total 24576K, used 2336K [0x00000000eab00000, 0x00000000ec580000, 0x0000000100000000)
  eden space 22016K, 0% used [0x00000000eab00000,0x00000000eab00000,0x00000000ec080000)
  from space 2560K, 91% used [0x00000000ec180000,0x00000000ec3c8010,0x00000000ec400000)
  to   space 1536K, 0% used [0x00000000ec400000,0x00000000ec400000,0x00000000ec580000)
 ParOldGen       total 68608K, used 18056K [0x00000000c0000000, 0x00000000c4300000, 0x00000000eab00000)
  object space 68608K, 26% used [0x00000000c0000000,0x00000000c11a2308,0x00000000c4300000)
 Metaspace       used 35125K, committed 35904K, reserved 1081344K
  class space    used 3561K, committed 3904K, reserved 1048576K
}
Event: 15.073 GC heap before
{Heap before GC invocations=16 (full 2):
 PSYoungGen      total 24576K, used 24352K [0x00000000eab00000, 0x00000000ec580000, 0x0000000100000000)
  eden space 22016K, 100% used [0x00000000eab00000,0x00000000ec080000,0x00000000ec080000)
  from space 2560K, 91% used [0x00000000ec180000,0x00000000ec3c8010,0x00000000ec400000)
  to   space 1536K, 0% used [0x00000000ec400000,0x00000000ec400000,0x00000000ec580000)
 ParOldGen       total 68608K, used 18056K [0x00000000c0000000, 0x00000000c4300000, 0x00000000eab00000)
  object space 68608K, 26% used [0x00000000c0000000,0x00000000c11a2308,0x00000000c4300000)
 Metaspace       used 35125K, committed 35904K, reserved 1081344K
  class space    used 3561K, committed 3904K, reserved 1048576K
}
Event: 15.077 GC heap after
{Heap after GC invocations=16 (full 2):
 PSYoungGen      total 22528K, used 1536K [0x00000000eab00000, 0x00000000ec980000, 0x0000000100000000)
  eden space 20992K, 0% used [0x00000000eab00000,0x00000000eab00000,0x00000000ebf80000)
  from space 1536K, 100% used [0x00000000ec400000,0x00000000ec580000,0x00000000ec580000)
  to   space 4608K, 0% used [0x00000000ebf80000,0x00000000ebf80000,0x00000000ec400000)
 ParOldGen       total 68608K, used 20512K [0x00000000c0000000, 0x00000000c4300000, 0x00000000eab00000)
  object space 68608K, 29% used [0x00000000c0000000,0x00000000c1408318,0x00000000c4300000)
 Metaspace       used 35125K, committed 35904K, reserved 1081344K
  class space    used 3561K, committed 3904K, reserved 1048576K
}
Event: 16.534 GC heap before
{Heap before GC invocations=17 (full 2):
 PSYoungGen      total 22528K, used 22528K [0x00000000eab00000, 0x00000000ec980000, 0x0000000100000000)
  eden space 20992K, 100% used [0x00000000eab00000,0x00000000ebf80000,0x00000000ebf80000)
  from space 1536K, 100% used [0x00000000ec400000,0x00000000ec580000,0x00000000ec580000)
  to   space 4608K, 0% used [0x00000000ebf80000,0x00000000ebf80000,0x00000000ec400000)
 ParOldGen       total 68608K, used 20512K [0x00000000c0000000, 0x00000000c4300000, 0x00000000eab00000)
  object space 68608K, 29% used [0x00000000c0000000,0x00000000c1408318,0x00000000c4300000)
 Metaspace       used 36698K, committed 37440K, reserved 1089536K
  class space    used 3686K, committed 4032K, reserved 1048576K
}
Event: 16.537 GC heap after
{Heap after GC invocations=17 (full 2):
 PSYoungGen      total 23040K, used 1962K [0x00000000eab00000, 0x00000000ec580000, 0x0000000100000000)
  eden space 20992K, 0% used [0x00000000eab00000,0x00000000eab00000,0x00000000ebf80000)
  from space 2048K, 95% used [0x00000000ebf80000,0x00000000ec16a8d8,0x00000000ec180000)
  to   space 3072K, 0% used [0x00000000ec280000,0x00000000ec280000,0x00000000ec580000)
 ParOldGen       total 68608K, used 22062K [0x00000000c0000000, 0x00000000c4300000, 0x00000000eab00000)
  object space 68608K, 32% used [0x00000000c0000000,0x00000000c158bb98,0x00000000c4300000)
 Metaspace       used 36698K, committed 37440K, reserved 1089536K
  class space    used 3686K, committed 4032K, reserved 1048576K
}
Event: 17.367 GC heap before
{Heap before GC invocations=18 (full 2):
 PSYoungGen      total 23040K, used 22944K [0x00000000eab00000, 0x00000000ec580000, 0x0000000100000000)
  eden space 20992K, 99% used [0x00000000eab00000,0x00000000ebf7d868,0x00000000ebf80000)
  from space 2048K, 95% used [0x00000000ebf80000,0x00000000ec16a8d8,0x00000000ec180000)
  to   space 3072K, 0% used [0x00000000ec280000,0x00000000ec280000,0x00000000ec580000)
 ParOldGen       total 68608K, used 22062K [0x00000000c0000000, 0x00000000c4300000, 0x00000000eab00000)
  object space 68608K, 32% used [0x00000000c0000000,0x00000000c158bb98,0x00000000c4300000)
 Metaspace       used 38586K, committed 39360K, reserved 1089536K
  class space    used 3933K, committed 4288K, reserved 1048576K
}
Event: 17.370 GC heap after
{Heap after GC invocations=18 (full 2):
 PSYoungGen      total 22016K, used 904K [0x00000000eab00000, 0x00000000ec380000, 0x0000000100000000)
  eden space 20992K, 0% used [0x00000000eab00000,0x00000000eab00000,0x00000000ebf80000)
  from space 1024K, 88% used [0x00000000ec280000,0x00000000ec3622b0,0x00000000ec380000)
  to   space 1536K, 0% used [0x00000000ec080000,0x00000000ec080000,0x00000000ec200000)
 ParOldGen       total 68608K, used 23866K [0x00000000c0000000, 0x00000000c4300000, 0x00000000eab00000)
  object space 68608K, 34% used [0x00000000c0000000,0x00000000c174e818,0x00000000c4300000)
 Metaspace       used 38586K, committed 39360K, reserved 1089536K
  class space    used 3933K, committed 4288K, reserved 1048576K
}
Event: 18.082 GC heap before
{Heap before GC invocations=19 (full 2):
 PSYoungGen      total 22016K, used 21896K [0x00000000eab00000, 0x00000000ec380000, 0x0000000100000000)
  eden space 20992K, 100% used [0x00000000eab00000,0x00000000ebf80000,0x00000000ebf80000)
  from space 1024K, 88% used [0x00000000ec280000,0x00000000ec3622b0,0x00000000ec380000)
  to   space 1536K, 0% used [0x00000000ec080000,0x00000000ec080000,0x00000000ec200000)
 ParOldGen       total 68608K, used 23866K [0x00000000c0000000, 0x00000000c4300000, 0x00000000eab00000)
  object space 68608K, 34% used [0x00000000c0000000,0x00000000c174e818,0x00000000c4300000)
 Metaspace       used 40217K, committed 40960K, reserved 1089536K
  class space    used 4043K, committed 4416K, reserved 1048576K
}
Event: 18.084 GC heap after
{Heap after GC invocations=19 (full 2):
 PSYoungGen      total 22528K, used 1193K [0x00000000eab00000, 0x00000000ec300000, 0x0000000100000000)
  eden space 20992K, 0% used [0x00000000eab00000,0x00000000eab00000,0x00000000ebf80000)
  from space 1536K, 77% used [0x00000000ec080000,0x00000000ec1aa578,0x00000000ec200000)
  to   space 1024K, 0% used [0x00000000ec200000,0x00000000ec200000,0x00000000ec300000)
 ParOldGen       total 68608K, used 24491K [0x00000000c0000000, 0x00000000c4300000, 0x00000000eab00000)
  object space 68608K, 35% used [0x00000000c0000000,0x00000000c17ead20,0x00000000c4300000)
 Metaspace       used 40217K, committed 40960K, reserved 1089536K
  class space    used 4043K, committed 4416K, reserved 1048576K
}
Event: 18.202 GC heap before
{Heap before GC invocations=20 (full 2):
 PSYoungGen      total 22528K, used 22185K [0x00000000eab00000, 0x00000000ec300000, 0x0000000100000000)
  eden space 20992K, 100% used [0x00000000eab00000,0x00000000ebf80000,0x00000000ebf80000)
  from space 1536K, 77% used [0x00000000ec080000,0x00000000ec1aa578,0x00000000ec200000)
  to   space 1024K, 0% used [0x00000000ec200000,0x00000000ec200000,0x00000000ec300000)
 ParOldGen       total 68608K, used 24491K [0x00000000c0000000, 0x00000000c4300000, 0x00000000eab00000)
  object space 68608K, 35% used [0x00000000c0000000,0x00000000c17ead20,0x00000000c4300000)
 Metaspace       used 40249K, committed 41088K, reserved 1089536K
  class space    used 4043K, committed 4416K, reserved 1048576K
}
Event: 18.203 GC heap after
{Heap after GC invocations=20 (full 2):
 PSYoungGen      total 22016K, used 621K [0x00000000eab00000, 0x00000000ec300000, 0x0000000100000000)
  eden space 20992K, 0% used [0x00000000eab00000,0x00000000eab00000,0x00000000ebf80000)
  from space 1024K, 60% used [0x00000000ec200000,0x00000000ec29b700,0x00000000ec300000)
  to   space 1024K, 0% used [0x00000000ec100000,0x00000000ec100000,0x00000000ec200000)
 ParOldGen       total 68608K, used 25083K [0x00000000c0000000, 0x00000000c4300000, 0x00000000eab00000)
  object space 68608K, 36% used [0x00000000c0000000,0x00000000c187eea0,0x00000000c4300000)
 Metaspace       used 40249K, committed 41088K, reserved 1089536K
  class space    used 4043K, committed 4416K, reserved 1048576K
}

